<?xml version="1.0" encoding="utf-8"?><testsuites><testsuite name="pytest" errors="0" failures="0" skipped="0" tests="5" time="23.487" timestamp="2024-06-11T05:21:47.507973" hostname="LAPTOP-QIKPH67N"><testcase classname="tests.test_aif" name="test_aif_parker" time="0.002" /><testcase classname="tests.test_aif" name="test_aif_georgiou" time="0.001" /><testcase classname="tests.test_aif" name="test_aif_weinmann" time="0.001" /><testcase classname="tests.test_tissue" name="test_tissue_tofts" time="11.546" /><testcase classname="tests.test_tissue" name="test_tissue_extended_tofts" time="11.402" /></testsuite></testsuites>
